TN:
SF:app.js
FNF:0
FNH:0
DA:2,3
DA:3,3
DA:4,3
DA:5,3
DA:6,3
DA:8,3
DA:11,3
DA:12,3
DA:14,3
DA:16,3
LF:10
LH:10
BRF:0
BRH:0
end_of_record
TN:
SF:controller\user.js
FN:5,(anonymous_0)
FN:40,(anonymous_1)
FN:61,(anonymous_2)
FN:80,(anonymous_3)
FNF:4
FNH:4
FNDA:2,(anonymous_0)
FNDA:1,(anonymous_1)
FNDA:1,(anonymous_2)
FNDA:1,(anonymous_3)
DA:1,4
DA:2,4
DA:5,4
DA:6,2
DA:7,2
DA:10,2
DA:11,1
DA:15,1
DA:16,1
DA:19,1
DA:21,1
DA:30,1
DA:31,1
DA:34,0
DA:35,0
DA:40,4
DA:41,1
DA:42,1
DA:45,1
DA:46,1
DA:49,0
DA:50,0
DA:53,0
DA:56,0
DA:57,0
DA:61,4
DA:62,1
DA:64,1
DA:65,1
DA:70,1
DA:71,0
DA:74,1
DA:76,0
DA:80,4
DA:81,1
DA:83,1
DA:84,1
DA:86,1
DA:87,0
DA:90,1
DA:92,0
LF:41
LH:30
BRDA:10,0,0,1
BRDA:10,0,1,1
BRDA:10,1,0,2
BRDA:10,1,1,1
BRDA:10,1,2,1
BRDA:10,1,3,1
BRDA:10,1,4,1
BRDA:10,1,5,1
BRDA:16,2,0,0
BRDA:16,2,1,1
BRDA:46,3,0,1
BRDA:46,3,1,0
BRDA:50,4,0,0
BRDA:50,4,1,0
BRDA:70,5,0,0
BRDA:70,5,1,1
BRDA:86,6,0,0
BRDA:86,6,1,1
BRF:18
BRH:12
end_of_record
TN:
SF:models\user.js
FNF:0
FNH:0
DA:1,4
DA:3,4
DA:36,4
LF:3
LH:3
BRF:0
BRH:0
end_of_record
TN:
SF:routes\user.js
FN:8,(anonymous_0)
FNF:1
FNH:1
FNDA:1,(anonymous_0)
DA:1,3
DA:2,3
DA:3,3
DA:4,3
DA:6,3
DA:7,3
DA:8,3
DA:9,1
DA:10,1
DA:12,1
DA:13,1
DA:15,1
DA:17,3
DA:18,3
DA:23,3
LF:15
LH:15
BRDA:10,0,0,0
BRDA:10,0,1,1
BRDA:13,1,0,0
BRDA:13,1,1,1
BRF:4
BRH:2
end_of_record
